This is pdfTeX, Version 3.141592653-2.6-1.40.22 (TeX Live 2022/dev/Debian) (preloaded format=pdflatex 2024.9.24)  25 SEP 2024 16:42
entering extended mode
 restricted \write18 enabled.
 %&-line parsing enabled.
**toolbox.tex
(./toolbox.tex
LaTeX2e <2021-11-15> patch level 1
L3 programming layer <2022-01-21>
(/usr/share/texlive/texmf-dist/tex/latex/base/book.cls
Document Class: book 2021/10/04 v1.4n Standard LaTeX document class
(/usr/share/texlive/texmf-dist/tex/latex/base/bk10.clo
File: bk10.clo 2021/10/04 v1.4n Standard LaTeX file (size option)
)
\c@part=\count185
\c@chapter=\count186
\c@section=\count187
\c@subsection=\count188
\c@subsubsection=\count189
\c@paragraph=\count190
\c@subparagraph=\count191
\c@figure=\count192
\c@table=\count193
\abovecaptionskip=\skip47
\belowcaptionskip=\skip48
\bibindent=\dimen138
)
(/usr/share/texlive/texmf-dist/tex/latex/multirow/multirow.sty
Package: multirow 2021/03/15 v2.8 Span multiple rows of a table
\multirow@colwidth=\skip49
\multirow@cntb=\count194
\multirow@dima=\skip50
\bigstrutjot=\dimen139
)
(/usr/share/texlive/texmf-dist/tex/latex/listings/listings.sty
(/usr/share/texlive/texmf-dist/tex/latex/graphics/keyval.sty
Package: keyval 2014/10/28 v1.15 key=value parser (DPC)
\KV@toks@=\toks16
)
\lst@mode=\count195
\lst@gtempboxa=\box50
\lst@token=\toks17
\lst@length=\count196
\lst@currlwidth=\dimen140
\lst@column=\count197
\lst@pos=\count198
\lst@lostspace=\dimen141
\lst@width=\dimen142
\lst@newlines=\count199
\lst@lineno=\count266
\lst@maxwidth=\dimen143

(/usr/share/texlive/texmf-dist/tex/latex/listings/lstmisc.sty
File: lstmisc.sty 2020/03/24 1.8d (Carsten Heinz)
\c@lstnumber=\count267
\lst@skipnumbers=\count268
\lst@framebox=\box51
)
(/usr/share/texlive/texmf-dist/tex/latex/listings/listings.cfg
File: listings.cfg 2020/03/24 1.8d listings configuration
))
Package: listings 2020/03/24 1.8d (Carsten Heinz)

(/usr/share/texlive/texmf-dist/tex/latex/l3backend/l3backend-pdftex.def
File: l3backend-pdftex.def 2022-01-12 L3 backend support: PDF output (pdfTeX)
\l__color_backend_stack_int=\count269
\l__pdf_internal_box=\box52
)
(./toolbox.aux (./channel.aux) (./block.aux) (./fsys.aux) (./text.aux)
(./interrupt.aux) (./general.aux))
\openout1 = `toolbox.aux'.

LaTeX Font Info:    Checking defaults for OML/cmm/m/it on input line 4.
LaTeX Font Info:    ... okay on input line 4.
LaTeX Font Info:    Checking defaults for OMS/cmsy/m/n on input line 4.
LaTeX Font Info:    ... okay on input line 4.
LaTeX Font Info:    Checking defaults for OT1/cmr/m/n on input line 4.
LaTeX Font Info:    ... okay on input line 4.
LaTeX Font Info:    Checking defaults for T1/cmr/m/n on input line 4.
LaTeX Font Info:    ... okay on input line 4.
LaTeX Font Info:    Checking defaults for TS1/cmr/m/n on input line 4.
LaTeX Font Info:    ... okay on input line 4.
LaTeX Font Info:    Checking defaults for OMX/cmex/m/n on input line 4.
LaTeX Font Info:    ... okay on input line 4.
LaTeX Font Info:    Checking defaults for U/cmr/m/n on input line 4.
LaTeX Font Info:    ... okay on input line 4.
\c@lstlisting=\count270

(/usr/share/texlive/texmf-dist/tex/latex/listings/lstlang1.sty
File: lstlang1.sty 2020/03/24 1.8d listings language file
)
(/usr/share/texlive/texmf-dist/tex/latex/listings/lstmisc.sty
File: lstmisc.sty 2020/03/24 1.8d (Carsten Heinz)
)
Chapter 1.
[1


{/var/lib/texmf/fonts/map/pdftex/updmap/pdftex.map}] [2

]
Chapter 2.
[3]
\openout2 = `channel.aux'.

 (./channel.tex
LaTeX Font Info:    Font shape `OT1/cmtt/bx/n' in size <12> not available
(Font)              Font shape `OT1/cmtt/m/n' tried instead on input line 3.
LaTeX Font Info:    External font `cmex10' loaded for size
(Font)              <7> on input line 4.
LaTeX Font Info:    External font `cmex10' loaded for size
(Font)              <5> on input line 4.

Overfull \hbox (22.81516pt too wide) in paragraph at lines 12--20
[] 
 []


Overfull \hbox (37.20741pt too wide) in paragraph at lines 22--30
[] 
 []


Overfull \hbox (16.99405pt too wide) in paragraph at lines 41--49
[] 
 []

[4

]
Overfull \hbox (14.86176pt too wide) in paragraph at lines 67--75
[] 
 []


Overfull \hbox (62.12921pt too wide) in paragraph at lines 77--86
[] 
 []


Overfull \hbox (211.55658pt too wide) in paragraph at lines 88--96
[] 
 []


Underfull \vbox (badness 1117) has occurred while \output is active []

 [5])
Overfull \hbox (54.61179pt too wide) in paragraph at lines 115--10
[] 
 []

[6]
\openout2 = `block.aux'.

 (./block.tex
Overfull \hbox (11.43425pt too wide) in paragraph at lines 12--21
[] 
 []


Overfull \hbox (41.91806pt too wide) in paragraph at lines 23--32
[] 
 []

)
Overfull \hbox (46.45917pt too wide) in paragraph at lines 50--11
[] 
 []

[7



] [8]
\openout2 = `fsys.aux'.

 (./fsys.tex
Overfull \hbox (53.84879pt too wide) in paragraph at lines 46--54
[] 
 []


Overfull \hbox (4.87842pt too wide) in paragraph at lines 56--63
[] 
 []

[9



]
Overfull \hbox (16.00598pt too wide) in paragraph at lines 99--106
[] 
 []

[10]
Overfull \hbox (41.19238pt too wide) in paragraph at lines 125--133
[] 
 []


Overfull \hbox (28.48639pt too wide) in paragraph at lines 135--142
[] 
 []

) [11]
\openout2 = `text.aux'.

 (./text.tex
Overfull \hbox (41.61174pt too wide) in paragraph at lines 4--11
[] 
 []


Overfull \hbox (123.35074pt too wide) in paragraph at lines 30--37
[] 
 []


Overfull \hbox (123.35074pt too wide) in paragraph at lines 39--46
[] 
 []


Overfull \hbox (37.57634pt too wide) in paragraph at lines 49--49
[][][][][][][][][][][][][][][][][][][][][][] 
 []


Overfull \hbox (110.36078pt too wide) in paragraph at lines 48--55
[] 
 []


Underfull \vbox (badness 1675) has occurred while \output is active []

 [12



]
Overfull \hbox (53.96709pt too wide) in paragraph at lines 58--58
[][][][][][][][][][][][][][][][][][][][][][][][][][] 
 []


Overfull \hbox (126.75153pt too wide) in paragraph at lines 57--64
[] 
 []


Overfull \hbox (14.5481pt too wide) in paragraph at lines 75--75
[][][][][][][][][][][][][][][][][][][][][][][][][][][] 
 []


Overfull \hbox (84.32602pt too wide) in paragraph at lines 74--82
[] 
 []


Overfull \hbox (26.85721pt too wide) in paragraph at lines 84--91
[] 
 []


Overfull \hbox (101.38824pt too wide) in paragraph at lines 103--103
[][][][][][][][][][][][][][][][][][][][][][][][][][][][][] 
 []


Overfull \hbox (171.16617pt too wide) in paragraph at lines 102--110
[] 
 []

[13]) [14]
\openout2 = `interrupt.aux'.

 (./interrupt.tex
Overfull \hbox (86.05647pt too wide) in paragraph at lines 16--21
[] 
 []


Overfull \hbox (16.6294pt too wide) in paragraph at lines 30--37
[] 
 []


Overfull \hbox (86.05647pt too wide) in paragraph at lines 39--45
[] 
 []

)
Overfull \hbox (86.05647pt too wide) in paragraph at lines 54--14
[] 
 []

[15



] [16]
\openout2 = `general.aux'.

 (./general.tex
Overfull \hbox (183.6675pt too wide) in paragraph at lines 28--33
[] 
 []

[17



]) [18] (./toolbox.aux (./channel.aux) (./block.aux) (./fsys.aux)
(./text.aux) (./interrupt.aux) (./general.aux)) ) 
Here is how much of TeX's memory you used:
 2722 strings out of 480247
 41543 string characters out of 5896151
 531622 words of memory out of 5000000
 20671 multiletter control sequences out of 15000+600000
 473016 words of font info for 41 fonts, out of 8000000 for 9000
 14 hyphenation exceptions out of 8191
 39i,14n,53p,213b,1247s stack positions out of 5000i,500n,10000p,200000b,80000s
 </home/pjw/.texlive2021/texmf
-var/fonts/pk/ljfour/jknappen/ec/tcrm0900.600pk></usr/share/texlive/texmf-dist/
fonts/type1/public/amsfonts/cm/cmbx12.pfb></usr/share/texlive/texmf-dist/fonts/
type1/public/amsfonts/cm/cmbx9.pfb></usr/share/texlive/texmf-dist/fonts/type1/p
ublic/amsfonts/cm/cmr10.pfb></usr/share/texlive/texmf-dist/fonts/type1/public/a
msfonts/cm/cmr9.pfb></usr/share/texlive/texmf-dist/fonts/type1/public/amsfonts/
cm/cmsl10.pfb></usr/share/texlive/texmf-dist/fonts/type1/public/amsfonts/cm/cmt
t10.pfb></usr/share/texlive/texmf-dist/fonts/type1/public/amsfonts/cm/cmtt12.pf
b>
Output written on toolbox.pdf (18 pages, 131880 bytes).
PDF statistics:
 102 PDF objects out of 1000 (max. 8388607)
 66 compressed objects within 1 object stream
 0 named destinations out of 1000 (max. 500000)
 1 words of extra memory for PDF output out of 10000 (max. 10000000)

